<?xml version="1.0" encoding="UTF-8"?>
<testsuite name="com.example.ApplicationTest" tests="9" skipped="0" failures="0" errors="0" timestamp="2022-01-30T19:58:52" hostname="DESKTOP-0FJK1SC" time="0.788">
  <properties/>
  <testcase name="access search heroes endpoint, query hero name, assert multiple heroes result" classname="com.example.ApplicationTest" time="0.75"/>
  <testcase name="access all heroes endpoint, query invalid page number, assert error" classname="com.example.ApplicationTest" time="0.003"/>
  <testcase name="access search heroes endpoint, query non existing hero, assert empty list as a result" classname="com.example.ApplicationTest" time="0.003"/>
  <testcase name="access search heroes endpoint, query hero name, assert single hero result" classname="com.example.ApplicationTest" time="0.003"/>
  <testcase name="access search heroes endpoint, query an empty text, assert empty list as a result" classname="com.example.ApplicationTest" time="0.003"/>
  <testcase name="access all heroes endpoint, query all pages, assert correct information" classname="com.example.ApplicationTest" time="0.011"/>
  <testcase name="access non existing endpoint,assert not found" classname="com.example.ApplicationTest" time="0.006"/>
  <testcase name="access root endpoint, assert correct information" classname="com.example.ApplicationTest" time="0.003"/>
  <testcase name="access all heroes endpoint, query non existing page number, assert error" classname="com.example.ApplicationTest" time="0.003"/>
  <system-out><![CDATA[2022-01-30 16:58:52.930 [Test worker] INFO  ktor.test - Autoreload is disabled because the development mode is off.
2022-01-30 16:58:52.942 [Test worker] INFO  ktor.test - Application started in 0.066 seconds.
2022-01-30 16:58:52.963 [Test worker] INFO  [Koin] - create eager instances ...
]]></system-out>
  <system-err><![CDATA[]]></system-err>
</testsuite>
